Jun-28 13:35:16.885 [main] DEBUG nextflow.cli.Launcher - $> nextflow run nf_scripts/RAWREAD_QC_apptainer.nf --inputDir /data2/leehg/OMD3/PRJNA447983_CRCControl/test20/
Jun-28 13:35:16.970 [main] DEBUG nextflow.cli.CmdRun - N E X T F L O W  ~  version 24.04.1
Jun-28 13:35:16.988 [main] DEBUG nextflow.plugin.PluginsFacade - Setting up plugin manager > mode=prod; embedded=false; plugins-dir=/home/leehg/.nextflow/plugins; core-plugins: nf-amazon@2.5.2,nf-azure@1.6.0,nf-cloudcache@0.4.1,nf-codecommit@0.2.0,nf-console@1.1.3,nf-ga4gh@1.3.0,nf-google@1.13.2,nf-tower@1.9.1,nf-wave@1.4.2
Jun-28 13:35:17.073 [main] INFO  o.pf4j.DefaultPluginStatusProvider - Enabled plugins: []
Jun-28 13:35:17.073 [main] INFO  o.pf4j.DefaultPluginStatusProvider - Disabled plugins: []
Jun-28 13:35:17.076 [main] INFO  org.pf4j.DefaultPluginManager - PF4J version 3.10.0 in 'deployment' mode
Jun-28 13:35:17.088 [main] INFO  org.pf4j.AbstractPluginManager - No plugins
Jun-28 13:35:17.107 [main] DEBUG nextflow.config.ConfigBuilder - Found config local: /data2/leehg/OMD3/metafun/metaFun/nextflow.config
Jun-28 13:35:17.109 [main] DEBUG nextflow.config.ConfigBuilder - Parsing config file: /data2/leehg/OMD3/metafun/metaFun/nextflow.config
Jun-28 13:35:17.133 [main] DEBUG n.secret.LocalSecretsProvider - Secrets store: /home/leehg/.nextflow/secrets/store.json
Jun-28 13:35:17.136 [main] DEBUG nextflow.secret.SecretsLoader - Discovered secrets providers: [nextflow.secret.LocalSecretsProvider@70807224] - activable => nextflow.secret.LocalSecretsProvider@70807224
Jun-28 13:35:17.147 [main] DEBUG nextflow.config.ConfigBuilder - Applying config profile: `standard`
Jun-28 13:35:17.571 [main] DEBUG nextflow.cli.CmdRun - Applied DSL=2 from script declaration
Jun-28 13:35:17.585 [main] DEBUG nextflow.cli.CmdRun - Launching `nf_scripts/RAWREAD_QC_apptainer.nf` [compassionate_lalande] DSL2 - revision: ac4c6e265f
Jun-28 13:35:17.587 [main] DEBUG nextflow.plugin.PluginsFacade - Plugins default=[]
Jun-28 13:35:17.587 [main] DEBUG nextflow.plugin.PluginsFacade - Plugins resolved requirement=[]
Jun-28 13:35:17.634 [main] DEBUG nextflow.Session - Session UUID: 7f22408b-d671-464f-855f-f6ce3fc2e57d
Jun-28 13:35:17.635 [main] DEBUG nextflow.Session - Run name: compassionate_lalande
Jun-28 13:35:17.635 [main] DEBUG nextflow.Session - Executor pool size: 80
Jun-28 13:35:17.642 [main] DEBUG nextflow.file.FilePorter - File porter settings maxRetries=3; maxTransfers=50; pollTimeout=null
Jun-28 13:35:17.666 [main] DEBUG nextflow.cli.CmdRun - 
  Version: 24.04.1 build 5913
  Created: 20-05-2024 09:48 UTC (18:48 KDT)
  System: Linux 3.10.0-1160.el7.x86_64
  Runtime: Groovy 4.0.21 on OpenJDK 64-Bit Server VM 21-internal-adhoc.conda.src
  Encoding: UTF-8 (UTF-8)
  Process: 71235@gem4 [165.132.36.51]
  CPUs: 80 - Mem: 2 TB (697.9 GB) - Swap: 32 GB (9.9 GB) - Virtual threads ON
Jun-28 13:35:17.685 [main] DEBUG nextflow.Session - Work-dir: /data2/leehg/OMD3/metafun/metaFun/work [xfs]
Jun-28 13:35:17.685 [main] DEBUG nextflow.Session - Script base path does not exist or is not a directory: /data2/leehg/OMD3/metafun/metaFun/nf_scripts/bin
Jun-28 13:35:17.694 [main] DEBUG nextflow.executor.ExecutorFactory - Extension executors providers=[]
Jun-28 13:35:17.705 [main] DEBUG nextflow.Session - Observer factory: DefaultObserverFactory
Jun-28 13:35:17.729 [main] DEBUG nextflow.cache.CacheFactory - Using Nextflow cache factory: nextflow.cache.DefaultCacheFactory
Jun-28 13:35:17.738 [main] DEBUG nextflow.util.CustomPoolFactory - Creating virtual thread pool
Jun-28 13:35:17.947 [main] DEBUG nextflow.Session - Session start
Jun-28 13:35:18.471 [main] DEBUG nextflow.script.ScriptRunner - > Launching execution
Jun-28 13:35:18.495 [main] INFO  nextflow.Nextflow - Quality contorl of raw reads of whole metagenome sequencing data. 
===================================
output_directory : /data2/leehg/OMD3/metafun/metaFun/results/metagenome/RAWREAD_QC

human_index : /opt/database/host_genome/GRCh38/GRCh38_p12.dna.primary_assembly.fa

used_index  : /opt/database/host_genome/human/human

filter      : human

            If you want to use other index , specify it with --filter $value in command line 
            You need to index genomes with in specific folder 
            nextflow.extension.OpCall@60928a61 is the prefix name of your gneome index. 
            Index files should be in the database/host_genome subdirectory 
            $ mkdir /database/host_genome/${filter} 
            $ bowtie2-build $your_genome database/${filter}/${filter}  

inputDir    : /data2/leehg/OMD3/PRJNA447983_CRCControl/test20/
outdir      : /data2/leehg/OMD3/metafun/metaFun/results/metagenome/RAWREAD_QC

Jun-28 13:35:18.640 [main] DEBUG nextflow.executor.ExecutorFactory - << taskConfig executor: local
Jun-28 13:35:18.640 [main] DEBUG nextflow.executor.ExecutorFactory - >> processorType: 'local'
Jun-28 13:35:18.646 [main] DEBUG nextflow.executor.Executor - [warm up] executor > local
Jun-28 13:35:18.654 [main] DEBUG n.processor.LocalPollingMonitor - Creating local task monitor for executor 'local' > cpus=80; memory=2 TB; capacity=80; pollInterval=100ms; dumpInterval=5m
Jun-28 13:35:18.656 [main] DEBUG n.processor.TaskPollingMonitor - >>> barrier register (monitor: local)
Jun-28 13:35:18.720 [main] DEBUG nextflow.executor.ExecutorFactory - << taskConfig executor: local
Jun-28 13:35:18.720 [main] DEBUG nextflow.executor.ExecutorFactory - >> processorType: 'local'
Jun-28 13:35:18.729 [main] DEBUG nextflow.executor.ExecutorFactory - << taskConfig executor: local
Jun-28 13:35:18.729 [main] DEBUG nextflow.executor.ExecutorFactory - >> processorType: 'local'
Jun-28 13:35:18.734 [main] DEBUG nextflow.executor.ExecutorFactory - << taskConfig executor: local
Jun-28 13:35:18.734 [main] DEBUG nextflow.executor.ExecutorFactory - >> processorType: 'local'
Jun-28 13:35:18.751 [main] DEBUG nextflow.executor.ExecutorFactory - << taskConfig executor: local
Jun-28 13:35:18.751 [main] DEBUG nextflow.executor.ExecutorFactory - >> processorType: 'local'
Jun-28 13:35:18.754 [main] DEBUG nextflow.Session - Workflow process names [dsl2]: humanread_filter, fastqc_raw, fastqc_filtered, multiQC, fastp
Jun-28 13:35:18.756 [main] DEBUG nextflow.Session - Igniting dataflow network (7)
Jun-28 13:35:18.760 [PathVisitor-1] DEBUG nextflow.file.PathVisitor - files for syntax: glob; folder: /data2/leehg/OMD3/PRJNA447983_CRCControl/test20/; pattern: *{1,2}.{fastq,fq}{.gz,}; options: [checkIfExists:true]
Jun-28 13:35:18.761 [main] DEBUG nextflow.processor.TaskProcessor - Starting process > fastqc_raw
Jun-28 13:35:18.761 [main] DEBUG nextflow.processor.TaskProcessor - Starting process > fastp
Jun-28 13:35:18.761 [main] DEBUG nextflow.processor.TaskProcessor - Starting process > humanread_filter
Jun-28 13:35:18.761 [main] DEBUG nextflow.processor.TaskProcessor - Starting process > fastqc_filtered
Jun-28 13:35:18.762 [main] DEBUG nextflow.processor.TaskProcessor - Starting process > multiQC
Jun-28 13:35:18.762 [main] DEBUG nextflow.script.ScriptRunner - Parsed script files:
  Script_a8c05548fea7f7b8: /data2/leehg/OMD3/metafun/metaFun/nf_scripts/RAWREAD_QC_apptainer.nf
Jun-28 13:35:18.762 [main] DEBUG nextflow.script.ScriptRunner - > Awaiting termination 
Jun-28 13:35:18.762 [main] DEBUG nextflow.Session - Session await
Jun-28 13:35:18.878 [Actor Thread 111] INFO  nextflow.container.SingularityCache - Pulling Apptainer image docker://quay.io/aababc1/metafun:v0.1 [cache /data2/leehg/OMD3/metafun/metaFun/nf_scripts/apptainer/quay.io-aababc1-metafun-v0.1.img]
Jun-28 13:40:18.795 [Task monitor] DEBUG n.processor.TaskPollingMonitor - !! executor local > No more task to compute -- The following nodes are still active:
[process] fastqc_raw
  status=ACTIVE
  port 0: (queue) closed; channel: -
  port 1: (cntrl) -     ; channel: $

[process] fastp
  status=ACTIVE
  port 0: (queue) closed; channel: -
  port 1: (cntrl) -     ; channel: $

[process] humanread_filter
  status=ACTIVE
  port 0: (queue) OPEN  ; channel: -
  port 1: (cntrl) -     ; channel: $

[process] fastqc_filtered
  status=ACTIVE
  port 0: (queue) OPEN  ; channel: -
  port 1: (cntrl) -     ; channel: $

[process] multiQC
  status=ACTIVE
  port 0: (value) OPEN  ; channel: reports
  port 1: (cntrl) -     ; channel: $

Jun-28 13:43:59.704 [Actor Thread 111] DEBUG nextflow.container.SingularityCache - Apptainer pull complete image=docker://quay.io/aababc1/metafun:v0.1 path=/data2/leehg/OMD3/metafun/metaFun/nf_scripts/apptainer/quay.io-aababc1-metafun-v0.1.img
Jun-28 13:43:59.870 [Task submitter] DEBUG n.executor.local.LocalTaskHandler - Launch cmd line: /bin/bash -ue .command.run
Jun-28 13:43:59.872 [Task submitter] INFO  nextflow.Session - [f9/49f387] Submitted process > fastp (fastp SRR6915115_fastp_hg38)
Jun-28 13:43:59.877 [Task submitter] DEBUG n.executor.local.LocalTaskHandler - Launch cmd line: /bin/bash -ue .command.run
Jun-28 13:43:59.877 [Task submitter] INFO  nextflow.Session - [73/4df203] Submitted process > fastp (fastp SRR6915147_fastp_hg38)
Jun-28 13:43:59.881 [Task submitter] DEBUG n.executor.local.LocalTaskHandler - Launch cmd line: /bin/bash -ue .command.run
Jun-28 13:43:59.881 [Task submitter] INFO  nextflow.Session - [6b/382d31] Submitted process > fastqc_raw (fastqc SRR6915097_fastp_hg38)
Jun-28 13:43:59.938 [Task submitter] DEBUG n.executor.local.LocalTaskHandler - Launch cmd line: /bin/bash -ue .command.run
Jun-28 13:43:59.939 [Task submitter] INFO  nextflow.Session - [24/14301b] Submitted process > fastp (fastp SRR6915129_fastp_hg38)
Jun-28 13:43:59.944 [Task submitter] DEBUG n.executor.local.LocalTaskHandler - Launch cmd line: /bin/bash -ue .command.run
Jun-28 13:43:59.944 [Task submitter] INFO  nextflow.Session - [4f/81719b] Submitted process > fastp (fastp SRR6915092_fastp_hg38)
Jun-28 13:43:59.969 [Task submitter] DEBUG n.executor.local.LocalTaskHandler - Launch cmd line: /bin/bash -ue .command.run
Jun-28 13:43:59.969 [Task submitter] INFO  nextflow.Session - [3c/4ce677] Submitted process > fastqc_raw (fastqc SRR6915116_fastp_hg38)
Jun-28 13:43:59.990 [Task submitter] DEBUG n.executor.local.LocalTaskHandler - Launch cmd line: /bin/bash -ue .command.run
Jun-28 13:43:59.990 [Task submitter] INFO  nextflow.Session - [5c/c24eed] Submitted process > fastqc_raw (fastqc SRR6915130_fastp_hg38)
Jun-28 13:44:00.014 [Task submitter] DEBUG n.executor.local.LocalTaskHandler - Launch cmd line: /bin/bash -ue .command.run
Jun-28 13:44:00.014 [Task submitter] INFO  nextflow.Session - [3c/e3b331] Submitted process > fastp (fastp SRR6915108_fastp_hg38)
Jun-28 13:44:00.018 [Task submitter] DEBUG n.executor.local.LocalTaskHandler - Launch cmd line: /bin/bash -ue .command.run
Jun-28 13:44:00.018 [Task submitter] INFO  nextflow.Session - [71/112ba4] Submitted process > fastqc_raw (fastqc SRR6915126_fastp_hg38)
Jun-28 13:44:00.218 [Task submitter] DEBUG n.executor.local.LocalTaskHandler - Launch cmd line: /bin/bash -ue .command.run
Jun-28 13:44:00.218 [Task submitter] INFO  nextflow.Session - [e2/c746ac] Submitted process > fastp (fastp SRR6915137_fastp_hg38)
Jun-28 13:44:00.290 [Task submitter] DEBUG n.executor.local.LocalTaskHandler - Launch cmd line: /bin/bash -ue .command.run
Jun-28 13:44:00.290 [Task submitter] INFO  nextflow.Session - [00/764c14] Submitted process > fastp (fastp SRR6915144_fastp_hg38)
Jun-28 13:44:00.337 [Task submitter] DEBUG n.executor.local.LocalTaskHandler - Launch cmd line: /bin/bash -ue .command.run
Jun-28 13:44:00.338 [Task submitter] INFO  nextflow.Session - [87/08e082] Submitted process > fastp (fastp SRR6915101_fastp_hg38)
Jun-28 13:44:00.388 [Task submitter] DEBUG n.executor.local.LocalTaskHandler - Launch cmd line: /bin/bash -ue .command.run
Jun-28 13:44:00.388 [Task submitter] INFO  nextflow.Session - [5e/c43975] Submitted process > fastqc_raw (fastqc SRR6915117_fastp_hg38)
Jun-28 13:44:00.457 [Task submitter] DEBUG n.executor.local.LocalTaskHandler - Launch cmd line: /bin/bash -ue .command.run
Jun-28 13:44:00.457 [Task submitter] INFO  nextflow.Session - [58/4eb2b2] Submitted process > fastqc_raw (fastqc SRR6915104_fastp_hg38)
Jun-28 13:44:00.494 [Task submitter] DEBUG n.executor.local.LocalTaskHandler - Launch cmd line: /bin/bash -ue .command.run
Jun-28 13:44:00.494 [Task submitter] INFO  nextflow.Session - [ba/5afaec] Submitted process > fastqc_raw (fastqc SRR6915113_fastp_hg38)
Jun-28 13:44:00.527 [Task submitter] DEBUG n.executor.local.LocalTaskHandler - Launch cmd line: /bin/bash -ue .command.run
Jun-28 13:44:00.527 [Task submitter] INFO  nextflow.Session - [54/deb1be] Submitted process > fastqc_raw (fastqc SRR6915108_fastp_hg38)
Jun-28 13:44:00.541 [Task submitter] DEBUG n.executor.local.LocalTaskHandler - Launch cmd line: /bin/bash -ue .command.run
Jun-28 13:44:00.541 [Task submitter] INFO  nextflow.Session - [1b/6338fb] Submitted process > fastp (fastp SRR6915104_fastp_hg38)
Jun-28 13:44:00.564 [Task submitter] DEBUG n.executor.local.LocalTaskHandler - Launch cmd line: /bin/bash -ue .command.run
Jun-28 13:44:00.564 [Task submitter] INFO  nextflow.Session - [26/ffbc38] Submitted process > fastqc_raw (fastqc SRR6915148_fastp_hg38)
Jun-28 13:44:00.603 [Task submitter] DEBUG n.executor.local.LocalTaskHandler - Launch cmd line: /bin/bash -ue .command.run
Jun-28 13:44:00.603 [Task submitter] INFO  nextflow.Session - [30/4209d2] Submitted process > fastp (fastp SRR6915109_fastp_hg38)
Jun-28 13:44:00.634 [Task submitter] DEBUG n.executor.local.LocalTaskHandler - Launch cmd line: /bin/bash -ue .command.run
Jun-28 13:44:00.634 [Task submitter] INFO  nextflow.Session - [ff/309256] Submitted process > fastqc_raw (fastqc SRR6915133_fastp_hg38)
Jun-28 13:44:04.289 [Task monitor] DEBUG n.processor.TaskPollingMonitor - Task completed > TaskHandler[id: 18; name: fastqc_raw (fastqc SRR6915116_fastp_hg38); status: COMPLETED; exit: 255; error: -; workDir: /data2/leehg/OMD3/metafun/metaFun/work/3c/4ce677dcc619b551ab176f7c46549e]
Jun-28 13:44:04.292 [Task monitor] DEBUG n.processor.TaskPollingMonitor - Task completed > TaskHandler[id: 28; name: fastqc_raw (fastqc SRR6915130_fastp_hg38); status: COMPLETED; exit: 255; error: -; workDir: /data2/leehg/OMD3/metafun/metaFun/work/5c/c24eed61e723ce97a8585c1ff56819]
Jun-28 13:44:04.292 [Task submitter] DEBUG n.executor.local.LocalTaskHandler - Launch cmd line: /bin/bash -ue .command.run
Jun-28 13:44:04.292 [Task monitor] DEBUG n.processor.TaskPollingMonitor - Task completed > TaskHandler[id: 9; name: fastp (fastp SRR6915108_fastp_hg38); status: COMPLETED; exit: 255; error: -; workDir: /data2/leehg/OMD3/metafun/metaFun/work/3c/e3b331005758d424e0d9e029c7e4b4]
Jun-28 13:44:04.292 [Task submitter] INFO  nextflow.Session - [a1/148433] Submitted process > fastqc_raw (fastqc SRR6915092_fastp_hg38)
Jun-28 13:44:04.293 [Task monitor] DEBUG n.processor.TaskPollingMonitor - Task completed > TaskHandler[id: 24; name: fastqc_raw (fastqc SRR6915126_fastp_hg38); status: COMPLETED; exit: 255; error: -; workDir: /data2/leehg/OMD3/metafun/metaFun/work/71/112ba4b410357dbb3dd687b450506d]
Jun-28 13:44:04.294 [Task monitor] DEBUG n.processor.TaskPollingMonitor - Task completed > TaskHandler[id: 31; name: fastp (fastp SRR6915137_fastp_hg38); status: COMPLETED; exit: 255; error: -; workDir: /data2/leehg/OMD3/metafun/metaFun/work/e2/c746ace00b1e5b056caf8250a2146f]
Jun-28 13:44:04.294 [Task monitor] DEBUG n.processor.TaskPollingMonitor - Task completed > TaskHandler[id: 32; name: fastp (fastp SRR6915144_fastp_hg38); status: COMPLETED; exit: 255; error: -; workDir: /data2/leehg/OMD3/metafun/metaFun/work/00/764c14963385607ba0b2b94c1f6eb9]
Jun-28 13:44:04.295 [Task monitor] DEBUG n.processor.TaskPollingMonitor - Task completed > TaskHandler[id: 5; name: fastp (fastp SRR6915101_fastp_hg38); status: COMPLETED; exit: 255; error: -; workDir: /data2/leehg/OMD3/metafun/metaFun/work/87/08e082a0a725dfe4d1ff4f51b2ba51]
Jun-28 13:44:04.295 [TaskFinalizer-4] DEBUG nextflow.processor.TaskProcessor - Handling unexpected condition for
  task: name=fastqc_raw (fastqc SRR6915126_fastp_hg38); work-dir=/data2/leehg/OMD3/metafun/metaFun/work/71/112ba4b410357dbb3dd687b450506d
  error [nextflow.exception.ProcessFailedException]: Process `fastqc_raw (fastqc SRR6915126_fastp_hg38)` terminated with an error exit status (255)
Jun-28 13:44:04.295 [TaskFinalizer-3] DEBUG nextflow.processor.TaskProcessor - Handling unexpected condition for
  task: name=fastp (fastp SRR6915108_fastp_hg38); work-dir=/data2/leehg/OMD3/metafun/metaFun/work/3c/e3b331005758d424e0d9e029c7e4b4
  error [nextflow.exception.ProcessFailedException]: Process `fastp (fastp SRR6915108_fastp_hg38)` terminated with an error exit status (255)
Jun-28 13:44:04.296 [Task monitor] DEBUG n.processor.TaskPollingMonitor - Task completed > TaskHandler[id: 20; name: fastqc_raw (fastqc SRR6915117_fastp_hg38); status: COMPLETED; exit: 255; error: -; workDir: /data2/leehg/OMD3/metafun/metaFun/work/5e/c43975c73016f1212f7da61de1bc5c]
Jun-28 13:44:04.296 [Task submitter] DEBUG n.executor.local.LocalTaskHandler - Launch cmd line: /bin/bash -ue .command.run
Jun-28 13:44:04.296 [Task submitter] INFO  nextflow.Session - [49/5e406d] Submitted process > fastqc_raw (fastqc SRR6915147_fastp_hg38)
Jun-28 13:44:04.296 [Task monitor] DEBUG n.processor.TaskPollingMonitor - Task completed > TaskHandler[id: 8; name: fastqc_raw (fastqc SRR6915104_fastp_hg38); status: COMPLETED; exit: 255; error: -; workDir: /data2/leehg/OMD3/metafun/metaFun/work/58/4eb2b239c00e6ff93dc36467ac8cd8]
Jun-28 13:44:04.297 [Task monitor] DEBUG n.processor.TaskPollingMonitor - Task completed > TaskHandler[id: 14; name: fastqc_raw (fastqc SRR6915113_fastp_hg38); status: COMPLETED; exit: 255; error: -; workDir: /data2/leehg/OMD3/metafun/metaFun/work/ba/5afaec064595e39e1e687cdc22698b]
Jun-28 13:44:04.298 [Task monitor] DEBUG n.processor.TaskPollingMonitor - Task completed > TaskHandler[id: 10; name: fastqc_raw (fastqc SRR6915108_fastp_hg38); status: COMPLETED; exit: 255; error: -; workDir: /data2/leehg/OMD3/metafun/metaFun/work/54/deb1be7c7324a99b07f61396e0a917]
Jun-28 13:44:04.298 [Task monitor] DEBUG n.processor.TaskPollingMonitor - Task completed > TaskHandler[id: 7; name: fastp (fastp SRR6915104_fastp_hg38); status: COMPLETED; exit: 255; error: -; workDir: /data2/leehg/OMD3/metafun/metaFun/work/1b/6338fb8be4baf38065bf90ff0238f4]
Jun-28 13:44:04.299 [Task monitor] DEBUG n.processor.TaskPollingMonitor - Task completed > TaskHandler[id: 39; name: fastqc_raw (fastqc SRR6915148_fastp_hg38); status: COMPLETED; exit: 255; error: -; workDir: /data2/leehg/OMD3/metafun/metaFun/work/26/ffbc386a0d2eb49737ec40c473455c]
Jun-28 13:44:04.299 [Task monitor] DEBUG n.processor.TaskPollingMonitor - Task completed > TaskHandler[id: 11; name: fastp (fastp SRR6915109_fastp_hg38); status: COMPLETED; exit: 255; error: -; workDir: /data2/leehg/OMD3/metafun/metaFun/work/30/4209d224a3de2237fa9e2193d00f32]
Jun-28 13:44:04.300 [Task monitor] DEBUG n.processor.TaskPollingMonitor - Task completed > TaskHandler[id: 30; name: fastqc_raw (fastqc SRR6915133_fastp_hg38); status: COMPLETED; exit: 255; error: -; workDir: /data2/leehg/OMD3/metafun/metaFun/work/ff/3092561010ba1280844ceb20d08d09]
Jun-28 13:44:04.300 [Task submitter] DEBUG n.executor.local.LocalTaskHandler - Launch cmd line: /bin/bash -ue .command.run
Jun-28 13:44:04.300 [Task submitter] INFO  nextflow.Session - [c5/032db4] Submitted process > fastqc_raw (fastqc SRR6915137_fastp_hg38)
Jun-28 13:44:04.300 [TaskFinalizer-14] DEBUG nextflow.processor.TaskProcessor - Handling unexpected condition for
  task: name=fastp (fastp SRR6915109_fastp_hg38); work-dir=/data2/leehg/OMD3/metafun/metaFun/work/30/4209d224a3de2237fa9e2193d00f32
  error [nextflow.exception.ProcessFailedException]: Process `fastp (fastp SRR6915109_fastp_hg38)` terminated with an error exit status (255)
Jun-28 13:44:04.301 [TaskFinalizer-12] DEBUG nextflow.processor.TaskProcessor - Handling unexpected condition for
  task: name=fastp (fastp SRR6915104_fastp_hg38); work-dir=/data2/leehg/OMD3/metafun/metaFun/work/1b/6338fb8be4baf38065bf90ff0238f4
  error [nextflow.exception.ProcessFailedException]: Process `fastp (fastp SRR6915104_fastp_hg38)` terminated with an error exit status (255)
Jun-28 13:44:04.301 [TaskFinalizer-7] DEBUG nextflow.processor.TaskProcessor - Handling unexpected condition for
  task: name=fastp (fastp SRR6915101_fastp_hg38); work-dir=/data2/leehg/OMD3/metafun/metaFun/work/87/08e082a0a725dfe4d1ff4f51b2ba51
  error [nextflow.exception.ProcessFailedException]: Process `fastp (fastp SRR6915101_fastp_hg38)` terminated with an error exit status (255)
Jun-28 13:44:04.301 [TaskFinalizer-5] DEBUG nextflow.processor.TaskProcessor - Handling unexpected condition for
  task: name=fastp (fastp SRR6915137_fastp_hg38); work-dir=/data2/leehg/OMD3/metafun/metaFun/work/e2/c746ace00b1e5b056caf8250a2146f
  error [nextflow.exception.ProcessFailedException]: Process `fastp (fastp SRR6915137_fastp_hg38)` terminated with an error exit status (255)
Jun-28 13:44:04.302 [TaskFinalizer-6] DEBUG nextflow.processor.TaskProcessor - Handling unexpected condition for
  task: name=fastp (fastp SRR6915144_fastp_hg38); work-dir=/data2/leehg/OMD3/metafun/metaFun/work/00/764c14963385607ba0b2b94c1f6eb9
  error [nextflow.exception.ProcessFailedException]: Process `fastp (fastp SRR6915144_fastp_hg38)` terminated with an error exit status (255)
Jun-28 13:44:04.305 [Task submitter] DEBUG n.executor.local.LocalTaskHandler - Launch cmd line: /bin/bash -ue .command.run
Jun-28 13:44:04.305 [Task submitter] INFO  nextflow.Session - [1a/79d7e4] Submitted process > fastqc_raw (fastqc SRR6915149_fastp_hg38)
Jun-28 13:44:04.309 [Task submitter] DEBUG n.executor.local.LocalTaskHandler - Launch cmd line: /bin/bash -ue .command.run
Jun-28 13:44:04.309 [Task submitter] INFO  nextflow.Session - [47/7dfb09] Submitted process > fastp (fastp SRR6915126_fastp_hg38)
Jun-28 13:44:04.311 [TaskFinalizer-4] ERROR nextflow.processor.TaskProcessor - Error executing process > 'fastqc_raw (fastqc SRR6915126_fastp_hg38)'

Caused by:
  Process `fastqc_raw (fastqc SRR6915126_fastp_hg38)` terminated with an error exit status (255)


Command executed:

  eval "$(micromamba shell hook --shell bash)"
  micromamba activate RAWREAD_QC
  mkdir SRR6915126_fastp_hg38_raw_fastqc
  fastqc SRR6915126_fastp_hg38_1.fastq SRR6915126_fastp_hg38_2.fastq -o SRR6915126_fastp_hg38_raw_fastqc -t 4

Command exit status:
  255

Command output:
  (empty)

Command error:
  INFO:    gocryptfs not found, will not be able to use gocryptfs
  WARNING: skipping mount of /scripts: stat /scripts: no such file or directory
  WARNING: skipping mount of /database/humann3/metaphlan: stat /database/humann3/metaphlan: no such file or directory
  INFO:    Cleanup error: while stopping driver for /data1/leehg/miniconda3/envs/test/var/apptainer/mnt/session/final: fuse-overlayfs exited
  FATAL:   container creation failed: mount hook function failure: mount /scripts->/scratch/tools/microbiome_analysis/scripts error: while mounting /scripts: mount source /scripts doesn't exist

Work dir:
  /data2/leehg/OMD3/metafun/metaFun/work/71/112ba4b410357dbb3dd687b450506d

Tip: view the complete command output by changing to the process work dir and entering the command `cat .command.out`
Jun-28 13:44:04.312 [Task submitter] DEBUG n.executor.local.LocalTaskHandler - Launch cmd line: /bin/bash -ue .command.run
Jun-28 13:44:04.312 [Task submitter] INFO  nextflow.Session - [bc/011dca] Submitted process > fastp (fastp SRR6915117_fastp_hg38)
Jun-28 13:44:04.312 [TaskFinalizer-15] DEBUG nextflow.processor.TaskProcessor - Handling unexpected condition for
  task: name=fastqc_raw (fastqc SRR6915133_fastp_hg38); work-dir=/data2/leehg/OMD3/metafun/metaFun/work/ff/3092561010ba1280844ceb20d08d09
  error [nextflow.exception.ProcessFailedException]: Process `fastqc_raw (fastqc SRR6915133_fastp_hg38)` terminated with an error exit status (255)
Jun-28 13:44:04.313 [TaskFinalizer-4] DEBUG nextflow.Session - Session aborted -- Cause: Process `fastqc_raw (fastqc SRR6915126_fastp_hg38)` terminated with an error exit status (255)
Jun-28 13:44:04.316 [TaskFinalizer-13] DEBUG nextflow.processor.TaskProcessor - Handling unexpected condition for
  task: name=fastqc_raw (fastqc SRR6915148_fastp_hg38); work-dir=/data2/leehg/OMD3/metafun/metaFun/work/26/ffbc386a0d2eb49737ec40c473455c
  error [nextflow.exception.ProcessFailedException]: Process `fastqc_raw (fastqc SRR6915148_fastp_hg38)` terminated with an error exit status (255)
Jun-28 13:44:04.316 [TaskFinalizer-11] DEBUG nextflow.processor.TaskProcessor - Handling unexpected condition for
  task: name=fastqc_raw (fastqc SRR6915108_fastp_hg38); work-dir=/data2/leehg/OMD3/metafun/metaFun/work/54/deb1be7c7324a99b07f61396e0a917
  error [nextflow.exception.ProcessFailedException]: Process `fastqc_raw (fastqc SRR6915108_fastp_hg38)` terminated with an error exit status (255)
Jun-28 13:44:04.317 [TaskFinalizer-10] DEBUG nextflow.processor.TaskProcessor - Handling unexpected condition for
  task: name=fastqc_raw (fastqc SRR6915113_fastp_hg38); work-dir=/data2/leehg/OMD3/metafun/metaFun/work/ba/5afaec064595e39e1e687cdc22698b
  error [nextflow.exception.ProcessFailedException]: Process `fastqc_raw (fastqc SRR6915113_fastp_hg38)` terminated with an error exit status (255)
Jun-28 13:44:04.317 [TaskFinalizer-9] DEBUG nextflow.processor.TaskProcessor - Handling unexpected condition for
  task: name=fastqc_raw (fastqc SRR6915104_fastp_hg38); work-dir=/data2/leehg/OMD3/metafun/metaFun/work/58/4eb2b239c00e6ff93dc36467ac8cd8
  error [nextflow.exception.ProcessFailedException]: Process `fastqc_raw (fastqc SRR6915104_fastp_hg38)` terminated with an error exit status (255)
Jun-28 13:44:04.317 [TaskFinalizer-8] DEBUG nextflow.processor.TaskProcessor - Handling unexpected condition for
  task: name=fastqc_raw (fastqc SRR6915117_fastp_hg38); work-dir=/data2/leehg/OMD3/metafun/metaFun/work/5e/c43975c73016f1212f7da61de1bc5c
  error [nextflow.exception.ProcessFailedException]: Process `fastqc_raw (fastqc SRR6915117_fastp_hg38)` terminated with an error exit status (255)
Jun-28 13:44:04.318 [TaskFinalizer-2] DEBUG nextflow.processor.TaskProcessor - Handling unexpected condition for
  task: name=fastqc_raw (fastqc SRR6915130_fastp_hg38); work-dir=/data2/leehg/OMD3/metafun/metaFun/work/5c/c24eed61e723ce97a8585c1ff56819
  error [nextflow.exception.ProcessFailedException]: Process `fastqc_raw (fastqc SRR6915130_fastp_hg38)` terminated with an error exit status (255)
Jun-28 13:44:04.318 [TaskFinalizer-4] DEBUG nextflow.Session - The following nodes are still active:
[process] humanread_filter
  status=ACTIVE
  port 0: (queue) OPEN  ; channel: -
  port 1: (cntrl) -     ; channel: $

[process] fastqc_filtered
  status=ACTIVE
  port 0: (queue) OPEN  ; channel: -
  port 1: (cntrl) -     ; channel: $

[process] multiQC
  status=ACTIVE
  port 0: (value) OPEN  ; channel: reports
  port 1: (cntrl) -     ; channel: $

Jun-28 13:44:04.318 [TaskFinalizer-1] DEBUG nextflow.processor.TaskProcessor - Handling unexpected condition for
  task: name=fastqc_raw (fastqc SRR6915116_fastp_hg38); work-dir=/data2/leehg/OMD3/metafun/metaFun/work/3c/4ce677dcc619b551ab176f7c46549e
  error [nextflow.exception.ProcessFailedException]: Process `fastqc_raw (fastqc SRR6915116_fastp_hg38)` terminated with an error exit status (255)
Jun-28 13:44:04.319 [main] DEBUG nextflow.Session - Session await > all processes finished
Jun-28 13:44:04.319 [main] DEBUG nextflow.Session - Session await > all barriers passed
Jun-28 13:44:04.319 [Task monitor] DEBUG n.processor.TaskPollingMonitor - <<< barrier arrives (monitor: local) - terminating tasks monitor poll loop
Jun-28 13:44:04.325 [main] WARN  n.processor.TaskPollingMonitor - Killing running tasks (11)
Jun-28 13:44:04.331 [main] DEBUG n.executor.local.LocalTaskHandler - Unable to kill fastp (fastp SRR6915115_fastp_hg38) -- command: kill -TERM 77719; exit: 1 
 bash: line 0: kill: (77719) - No such process

Jun-28 13:44:04.334 [main] DEBUG n.executor.local.LocalTaskHandler - Unable to kill fastp (fastp SRR6915147_fastp_hg38) -- command: kill -TERM 77726; exit: 1 
 bash: line 0: kill: (77726) - No such process

Jun-28 13:44:04.337 [main] DEBUG n.executor.local.LocalTaskHandler - Unable to kill fastqc_raw (fastqc SRR6915097_fastp_hg38) -- command: kill -TERM 77734; exit: 1 
 bash: line 0: kill: (77734) - No such process

Jun-28 13:44:04.340 [main] DEBUG n.executor.local.LocalTaskHandler - Unable to kill fastp (fastp SRR6915129_fastp_hg38) -- command: kill -TERM 77745; exit: 1 
 bash: line 0: kill: (77745) - No such process

Jun-28 13:44:04.342 [main] DEBUG n.executor.local.LocalTaskHandler - Unable to kill fastp (fastp SRR6915092_fastp_hg38) -- command: kill -TERM 77752; exit: 1 
 bash: line 0: kill: (77752) - No such process

Jun-28 13:44:04.358 [main] DEBUG n.trace.WorkflowStatsObserver - Workflow completed > WorkflowStats[succeededCount=0; failedCount=15; ignoredCount=0; cachedCount=0; pendingCount=14; submittedCount=6; runningCount=-6; retriesCount=0; abortedCount=11; succeedDuration=0ms; failedDuration=3m 54s; cachedDuration=0ms;loadCpus=-24; loadMemory=0; peakRunning=20; peakCpus=80; peakMemory=0; ]
Jun-28 13:44:04.527 [main] DEBUG nextflow.cache.CacheDB - Closing CacheDB done
Jun-28 13:44:04.535 [main] DEBUG nextflow.script.ScriptRunner - > Execution complete -- Goodbye
