Mar-07 04:00:18.645 [main] DEBUG nextflow.cli.Launcher - $> nextflow run /data1/leehg/miniconda3/envs/metafun_anaconda_test2/share/metafun_test/nf_scripts/RAWREAD_QC_apptainer.nf --inputDir --outdir /data2/leehg/OMD3/metafun/metaFun/conda_package_build/metafun/metafun_test/help/results/metagenome/RAWREAD_QC --cpus 4 --filter human -profile RAWREAD_QC -c /data1/leehg/miniconda3/envs/metafun_anaconda_test2/share/metafun_test/config/nextflow.config
Mar-07 04:00:18.734 [main] DEBUG nextflow.cli.CmdRun - N E X T F L O W  ~  version 24.10.3
Mar-07 04:00:18.769 [main] DEBUG nextflow.plugin.PluginsFacade - Setting up plugin manager > mode=prod; embedded=false; plugins-dir=/home/leehg/.nextflow/plugins; core-plugins: nf-amazon@2.9.2,nf-azure@1.10.2,nf-cloudcache@0.4.2,nf-codecommit@0.2.2,nf-console@1.1.4,nf-google@1.15.3,nf-tower@1.9.3,nf-wave@1.7.4
Mar-07 04:00:18.821 [main] INFO  o.pf4j.DefaultPluginStatusProvider - Enabled plugins: []
Mar-07 04:00:18.822 [main] INFO  o.pf4j.DefaultPluginStatusProvider - Disabled plugins: []
Mar-07 04:00:18.826 [main] INFO  org.pf4j.DefaultPluginManager - PF4J version 3.12.0 in 'deployment' mode
Mar-07 04:00:18.866 [main] INFO  org.pf4j.AbstractPluginManager - No plugins
Mar-07 04:00:18.918 [main] DEBUG nextflow.config.ConfigBuilder - User config file: /data1/leehg/miniconda3/envs/metafun_anaconda_test2/share/metafun_test/config/nextflow.config
Mar-07 04:00:18.920 [main] DEBUG nextflow.config.ConfigBuilder - Parsing config file: /data1/leehg/miniconda3/envs/metafun_anaconda_test2/share/metafun_test/config/nextflow.config
Mar-07 04:00:19.137 [main] DEBUG n.secret.LocalSecretsProvider - Secrets store: /home/leehg/.nextflow/secrets/store.json
Mar-07 04:00:19.146 [main] DEBUG nextflow.secret.SecretsLoader - Discovered secrets providers: [nextflow.secret.LocalSecretsProvider@6c000e0c] - activable => nextflow.secret.LocalSecretsProvider@6c000e0c
Mar-07 04:00:19.166 [main] DEBUG nextflow.config.ConfigBuilder - Applying config profile: `RAWREAD_QC`
Mar-07 04:00:21.236 [main] DEBUG nextflow.config.ConfigBuilder - Available config profiles: [GENOME_ASSEMBLY, WMS_FUNCTION, BIN_ASSESSMENT, ASSEMBLY_BINNING, RAWREAD_QC, COMPARATIVE_ANNOTATION, WMS_TAXONOMY]
Mar-07 04:00:21.707 [main] DEBUG nextflow.cli.CmdRun - Applied DSL=2 from script declaration
Mar-07 04:00:21.814 [main] DEBUG nextflow.cli.CmdRun - Launching `/data1/leehg/miniconda3/envs/metafun_anaconda_test2/share/metafun_test/nf_scripts/RAWREAD_QC_apptainer.nf` [determined_albattani] DSL2 - revision: 73341b4810
Mar-07 04:00:21.816 [main] DEBUG nextflow.plugin.PluginsFacade - Plugins default=[]
Mar-07 04:00:21.817 [main] DEBUG nextflow.plugin.PluginsFacade - Plugins resolved requirement=[]
Mar-07 04:00:21.903 [main] DEBUG nextflow.Session - Session UUID: 573ff019-1fbb-46cd-b500-8995a760b717
Mar-07 04:00:21.904 [main] DEBUG nextflow.Session - Run name: determined_albattani
Mar-07 04:00:21.905 [main] DEBUG nextflow.Session - Executor pool size: 80
Mar-07 04:00:21.915 [main] DEBUG nextflow.file.FilePorter - File porter settings maxRetries=3; maxTransfers=50; pollTimeout=null
Mar-07 04:00:21.925 [main] DEBUG nextflow.util.ThreadPoolBuilder - Creating thread pool 'FileTransfer' minSize=10; maxSize=240; workQueue=LinkedBlockingQueue[10000]; allowCoreThreadTimeout=false
Mar-07 04:00:21.981 [main] DEBUG nextflow.cli.CmdRun - 
  Version: 24.10.3 build 5933
  Created: 16-12-2024 15:34 UTC (17-12-2024 00:34 KDT)
  System: Linux 3.10.0-1160.el7.x86_64
  Runtime: Groovy 4.0.23 on OpenJDK 64-Bit Server VM 17.0.14-internal+0-adhoc..src
  Encoding: UTF-8 (UTF-8)
  Process: 65382@gem4 [165.132.36.51]
  CPUs: 80 - Mem: 2 TB (56 GB) - Swap: 32 GB (31.8 GB)
Mar-07 04:00:22.079 [main] DEBUG nextflow.Session - Work-dir: /data2/leehg/OMD3/metafun/metaFun/conda_package_build/metafun/metafun_test/help/work [xfs]
Mar-07 04:00:22.080 [main] DEBUG nextflow.Session - Script base path does not exist or is not a directory: /data1/leehg/miniconda3/envs/metafun_anaconda_test2/share/metafun_test/nf_scripts/bin
Mar-07 04:00:22.105 [main] DEBUG nextflow.executor.ExecutorFactory - Extension executors providers=[]
Mar-07 04:00:22.118 [main] DEBUG nextflow.Session - Observer factory: DefaultObserverFactory
Mar-07 04:00:22.221 [main] DEBUG nextflow.cache.CacheFactory - Using Nextflow cache factory: nextflow.cache.DefaultCacheFactory
Mar-07 04:00:22.280 [main] DEBUG nextflow.util.CustomThreadPool - Creating default thread pool > poolSize: 81; maxThreads: 1000
Mar-07 04:00:22.383 [main] DEBUG nextflow.Session - Session start
Mar-07 04:00:22.386 [main] DEBUG nextflow.trace.TraceFileObserver - Workflow started -- trace file: /data2/leehg/OMD3/metafun/metaFun/conda_package_build/metafun/metafun_test/help/report_files/trace_RAWREAD_QC_20250307_040021.txt
Mar-07 04:00:23.618 [main] DEBUG nextflow.script.ScriptRunner - > Launching execution
Mar-07 04:00:23.629 [main] DEBUG nextflow.script.ScriptRunner - Parsed script files:
  Script_7c2052eeaa4beb67: /data1/leehg/miniconda3/envs/metafun_anaconda_test2/share/metafun_test/nf_scripts/RAWREAD_QC_apptainer.nf
Mar-07 04:00:23.630 [main] DEBUG nextflow.Session - Session aborted -- Cause: Could not find matching constructor for: java.io.File(Boolean)
Mar-07 04:00:23.651 [main] DEBUG nextflow.Session - 
Thread[process reaper,10,system]
  java.base@17.0.14-internal/jdk.internal.misc.Unsafe.park(Native Method)
  java.base@17.0.14-internal/java.util.concurrent.locks.LockSupport.parkNanos(LockSupport.java:252)
  java.base@17.0.14-internal/java.util.concurrent.SynchronousQueue$TransferStack.transfer(SynchronousQueue.java:401)
  java.base@17.0.14-internal/java.util.concurrent.SynchronousQueue.poll(SynchronousQueue.java:903)
  java.base@17.0.14-internal/java.util.concurrent.ThreadPoolExecutor.getTask(ThreadPoolExecutor.java:1061)
  java.base@17.0.14-internal/java.util.concurrent.ThreadPoolExecutor.runWorker(ThreadPoolExecutor.java:1122)
  java.base@17.0.14-internal/java.util.concurrent.ThreadPoolExecutor$Worker.run(ThreadPoolExecutor.java:635)
  java.base@17.0.14-internal/java.lang.Thread.run(Thread.java:840)

Thread[Thread-1,5,main]
  java.base@17.0.14-internal/jdk.internal.misc.Unsafe.park(Native Method)
  java.base@17.0.14-internal/java.util.concurrent.locks.LockSupport.parkNanos(LockSupport.java:252)
  java.base@17.0.14-internal/java.util.concurrent.locks.AbstractQueuedSynchronizer$ConditionObject.awaitNanos(AbstractQueuedSynchronizer.java:1679)
  java.base@17.0.14-internal/java.util.concurrent.LinkedBlockingDeque.pollFirst(LinkedBlockingDeque.java:515)
  java.base@17.0.14-internal/java.util.concurrent.LinkedBlockingDeque.poll(LinkedBlockingDeque.java:677)
  app//nextflow.util.SimpleAgent.run(SimpleAgent.groovy:89)
  java.base@17.0.14-internal/jdk.internal.reflect.NativeMethodAccessorImpl.invoke0(Native Method)
  java.base@17.0.14-internal/jdk.internal.reflect.NativeMethodAccessorImpl.invoke(NativeMethodAccessorImpl.java:77)
  java.base@17.0.14-internal/jdk.internal.reflect.DelegatingMethodAccessorImpl.invoke(DelegatingMethodAccessorImpl.java:43)
  java.base@17.0.14-internal/java.lang.reflect.Method.invoke(Method.java:569)
  app//org.codehaus.groovy.reflection.CachedMethod.invoke(CachedMethod.java:343)
  app//groovy.lang.MetaMethod.doMethodInvoke(MetaMethod.java:328)
  app//groovy.lang.MetaClassImpl.doInvokeMethod(MetaClassImpl.java:1333)
  app//groovy.lang.MetaClassImpl.invokeMethod(MetaClassImpl.java:1088)
  app//groovy.lang.MetaClassImpl.invokeMethodClosure(MetaClassImpl.java:1017)
  app//groovy.lang.MetaClassImpl.doInvokeMethod(MetaClassImpl.java:1207)
  app//groovy.lang.MetaClassImpl.invokeMethod(MetaClassImpl.java:1088)
  app//groovy.lang.MetaClassImpl.invokeMethod(MetaClassImpl.java:1007)
  app//groovy.lang.Closure.call(Closure.java:433)
  app//groovy.lang.Closure.call(Closure.java:412)
  app//groovy.lang.Closure.run(Closure.java:505)
  java.base@17.0.14-internal/java.lang.Thread.run(Thread.java:840)

Thread[main,5,main]
  java.base@17.0.14-internal/java.lang.Thread.dumpThreads(Native Method)
  java.base@17.0.14-internal/java.lang.Thread.getAllStackTraces(Thread.java:1671)
  app//nextflow.util.SysHelper.dumpThreads(SysHelper.groovy:188)
  app//nextflow.Session.abort(Session.groovy:800)
  app//nextflow.script.ScriptRunner.execute(ScriptRunner.groovy:149)
  app//nextflow.cli.CmdRun.run(CmdRun.groovy:376)
  app//nextflow.cli.Launcher.run(Launcher.groovy:503)
  app//nextflow.cli.Launcher.main(Launcher.groovy:658)

Thread[Finalizer,8,system]
  java.base@17.0.14-internal/java.lang.Object.wait(Native Method)
  java.base@17.0.14-internal/java.lang.ref.ReferenceQueue.remove(ReferenceQueue.java:155)
  java.base@17.0.14-internal/java.lang.ref.ReferenceQueue.remove(ReferenceQueue.java:176)
  java.base@17.0.14-internal/java.lang.ref.Finalizer$FinalizerThread.run(Finalizer.java:172)

Thread[Common-Cleaner,8,InnocuousThreadGroup]
  java.base@17.0.14-internal/java.lang.Object.wait(Native Method)
  java.base@17.0.14-internal/java.lang.ref.ReferenceQueue.remove(ReferenceQueue.java:155)
  java.base@17.0.14-internal/jdk.internal.ref.CleanerImpl.run(CleanerImpl.java:140)
  java.base@17.0.14-internal/java.lang.Thread.run(Thread.java:840)
  java.base@17.0.14-internal/jdk.internal.misc.InnocuousThread.run(InnocuousThread.java:162)

Thread[AnsiLogObserver,5,main]
  java.base@17.0.14-internal/java.lang.Object.wait(Native Method)
  app//nextflow.trace.AnsiLogObserver.render0(AnsiLogObserver.groovy:185)
  java.base@17.0.14-internal/jdk.internal.reflect.NativeMethodAccessorImpl.invoke0(Native Method)
  java.base@17.0.14-internal/jdk.internal.reflect.NativeMethodAccessorImpl.invoke(NativeMethodAccessorImpl.java:77)
  java.base@17.0.14-internal/jdk.internal.reflect.DelegatingMethodAccessorImpl.invoke(DelegatingMethodAccessorImpl.java:43)
  java.base@17.0.14-internal/java.lang.reflect.Method.invoke(Method.java:569)
  app//org.codehaus.groovy.reflection.CachedMethod.invoke(CachedMethod.java:343)
  app//groovy.lang.MetaMethod.doMethodInvoke(MetaMethod.java:328)
  app//groovy.lang.MetaClassImpl.doInvokeMethod(MetaClassImpl.java:1333)
  app//groovy.lang.MetaClassImpl.invokeMethod(MetaClassImpl.java:1088)
  app//groovy.lang.MetaClassImpl.invokeMethodClosure(MetaClassImpl.java:1017)
  app//groovy.lang.MetaClassImpl.doInvokeMethod(MetaClassImpl.java:1207)
  app//groovy.lang.MetaClassImpl.invokeMethod(MetaClassImpl.java:1088)
  app//groovy.lang.MetaClassImpl.invokeMethod(MetaClassImpl.java:1007)
  app//groovy.lang.Closure.call(Closure.java:433)
  app//groovy.lang.Closure.call(Closure.java:412)
  app//groovy.lang.Closure.run(Closure.java:505)
  java.base@17.0.14-internal/java.lang.Thread.run(Thread.java:840)

Thread[Signal Dispatcher,9,system]

Thread[Actor Thread 1,5,main]
  java.base@17.0.14-internal/jdk.internal.misc.Unsafe.park(Native Method)
  java.base@17.0.14-internal/java.util.concurrent.locks.LockSupport.park(LockSupport.java:341)
  java.base@17.0.14-internal/java.util.concurrent.SynchronousQueue$TransferStack$SNode.block(SynchronousQueue.java:288)
  java.base@17.0.14-internal/java.util.concurrent.ForkJoinPool.unmanagedBlock(ForkJoinPool.java:3465)
  java.base@17.0.14-internal/java.util.concurrent.ForkJoinPool.managedBlock(ForkJoinPool.java:3436)
  java.base@17.0.14-internal/java.util.concurrent.SynchronousQueue$TransferStack.transfer(SynchronousQueue.java:397)
  java.base@17.0.14-internal/java.util.concurrent.SynchronousQueue.take(SynchronousQueue.java:886)
  java.base@17.0.14-internal/java.util.concurrent.ThreadPoolExecutor.getTask(ThreadPoolExecutor.java:1062)
  java.base@17.0.14-internal/java.util.concurrent.ThreadPoolExecutor.runWorker(ThreadPoolExecutor.java:1122)
  java.base@17.0.14-internal/java.util.concurrent.ThreadPoolExecutor$Worker.run(ThreadPoolExecutor.java:635)
  java.base@17.0.14-internal/java.lang.Thread.run(Thread.java:840)

Thread[Notification Thread,9,system]

Thread[Reference Handler,10,system]
  java.base@17.0.14-internal/java.lang.ref.Reference.waitForReferencePendingList(Native Method)
  java.base@17.0.14-internal/java.lang.ref.Reference.processPendingReferences(Reference.java:253)
  java.base@17.0.14-internal/java.lang.ref.Reference$ReferenceHandler.run(Reference.java:215)

Mar-07 04:00:23.679 [main] ERROR nextflow.cli.Launcher - @unknown
groovy.lang.GroovyRuntimeException: Could not find matching constructor for: java.io.File(Boolean)
	at groovy.lang.MetaClassImpl.invokeConstructor(MetaClassImpl.java:1904)
	at groovy.lang.MetaClassImpl.invokeConstructor(MetaClassImpl.java:1673)
	at groovy.lang.DelegatingMetaClass.invokeConstructor(DelegatingMetaClass.java:149)
	at org.codehaus.groovy.vmplugin.v8.IndyInterface.fromCache(IndyInterface.java:321)
	at Script_7c2052eeaa4beb67.runScript(Script_7c2052eeaa4beb67:16)
	at org.codehaus.groovy.vmplugin.v8.IndyInterface.fromCache(IndyInterface.java:321)
	at nextflow.script.BaseScript.run0(BaseScript.groovy:159)
	at org.codehaus.groovy.vmplugin.v8.IndyInterface.fromCache(IndyInterface.java:321)
	at nextflow.script.BaseScript.run(BaseScript.groovy:209)
	at nextflow.script.ScriptParser.runScript(ScriptParser.groovy:236)
	at nextflow.script.ScriptRunner.run(ScriptRunner.groovy:243)
	at nextflow.script.ScriptRunner.execute(ScriptRunner.groovy:138)
	at nextflow.cli.CmdRun.run(CmdRun.groovy:376)
	at nextflow.cli.Launcher.run(Launcher.groovy:503)
	at nextflow.cli.Launcher.main(Launcher.groovy:658)
